# JRE version: Java(TM) SE Runtime Environment (8.0_31-b13) (build 1.8.0_31-b13)
# Java VM: Java HotSpot(TM) 64-Bit Server VM (25.31-b07 mixed mode windows-amd64 compressed oops)
Heap:
 PSYoungGen      total 197120K, used 43244K [0x000000076b400000, 0x0000000778c80000, 0x00000007c0000000)
  eden space 172544K, 15% used [0x000000076b400000,0x000000076cdac168,0x0000000775c80000)
  from space 24576K, 68% used [0x0000000775c80000,0x0000000776d0eeb0,0x0000000777480000)
  to   space 24064K, 0% used [0x0000000777500000,0x0000000777500000,0x0000000778c80000)
 ParOldGen       total 1397760K, used 1372110K [0x00000006c1c00000, 0x0000000717100000, 0x000000076b400000)
  object space 1397760K, 98% used [0x00000006c1c00000,0x00000007157f3a70,0x0000000717100000)
 Metaspace       used 331521K, capacity 348652K, committed 348840K, reserved 1363968K
  class space    used 31311K, capacity 35115K, committed 35240K, reserved 1048576K
GC Heap History (10 events):
Event: 22585.373 GC heap before
{Heap before GC invocations=648 (full 115):
 PSYoungGen      total 187392K, used 16365K [0x000000076b400000, 0x0000000778c00000, 0x00000007c0000000)
  eden space 171008K, 0% used [0x000000076b400000,0x000000076b400000,0x0000000775b00000)
  from space 16384K, 99% used [0x0000000775b00000,0x0000000776afb718,0x0000000776b00000)
  to   space 25088K, 0% used [0x0000000777380000,0x0000000777380000,0x0000000778c00000)
 ParOldGen       total 1397760K, used 1358777K [0x00000006c1c00000, 0x0000000717100000, 0x000000076b400000)
  object space 1397760K, 97% used [0x00000006c1c00000,0x0000000714aee6a8,0x0000000717100000)
 Metaspace       used 329445K, capacity 346522K, committed 346792K, reserved 1361920K
  class space    used 31140K, capacity 34915K, committed 34984K, reserved 1048576K
Event: 22587.374 GC heap after
Heap after GC invocations=648 (full 115):
 PSYoungGen      total 187392K, used 0K [0x000000076b400000, 0x0000000778c00000, 0x00000007c0000000)
  eden space 171008K, 0% used [0x000000076b400000,0x000000076b400000,0x0000000775b00000)
  from space 16384K, 0% used [0x0000000775b00000,0x0000000775b00000,0x0000000776b00000)
  to   space 25088K, 0% used [0x0000000777380000,0x0000000777380000,0x0000000778c00000)
 ParOldGen       total 1397760K, used 1372102K [0x00000006c1c00000, 0x0000000717100000, 0x000000076b400000)
  object space 1397760K, 98% used [0x00000006c1c00000,0x00000007157f1a70,0x0000000717100000)
 Metaspace       used 329305K, capacity 346300K, committed 346792K, reserved 1361920K
  class space    used 31119K, capacity 34878K, committed 34984K, reserved 1048576K
}
Event: 22589.280 GC heap before
{Heap before GC invocations=649 (full 115):
 PSYoungGen      total 187392K, used 171008K [0x000000076b400000, 0x0000000778c00000, 0x00000007c0000000)
  eden space 171008K, 100% used [0x000000076b400000,0x0000000775b00000,0x0000000775b00000)
  from space 16384K, 0% used [0x0000000775b00000,0x0000000775b00000,0x0000000776b00000)
  to   space 25088K, 0% used [0x0000000777380000,0x0000000777380000,0x0000000778c00000)
 ParOldGen       total 1397760K, used 1372102K [0x00000006c1c00000, 0x0000000717100000, 0x000000076b400000)
  object space 1397760K, 98% used [0x00000006c1c00000,0x00000007157f1a70,0x0000000717100000)
 Metaspace       used 329893K, capacity 346932K, committed 347432K, reserved 1361920K
  class space    used 31195K, capacity 34982K, committed 35112K, reserved 1048576K
Event: 22589.290 GC heap after
Heap after GC invocations=649 (full 115):
 PSYoungGen      total 196096K, used 10506K [0x000000076b400000, 0x0000000778c80000, 0x00000007c0000000)
  eden space 171008K, 0% used [0x000000076b400000,0x000000076b400000,0x0000000775b00000)
  from space 25088K, 41% used [0x0000000777380000,0x0000000777dc2ba8,0x0000000778c00000)
  to   space 25088K, 0% used [0x0000000775b00000,0x0000000775b00000,0x0000000777380000)
 ParOldGen       total 1397760K, used 1372110K [0x00000006c1c00000, 0x0000000717100000, 0x000000076b400000)
  object space 1397760K, 98% used [0x00000006c1c00000,0x00000007157f3a70,0x0000000717100000)
 Metaspace       used 329893K, capacity 346932K, committed 347432K, reserved 1361920K
  class space    used 31195K, capacity 34982K, committed 35112K, reserved 1048576K
}
Event: 22589.878 GC heap before
{Heap before GC invocations=650 (full 115):
 PSYoungGen      total 196096K, used 181514K [0x000000076b400000, 0x0000000778c80000, 0x00000007c0000000)
  eden space 171008K, 100% used [0x000000076b400000,0x0000000775b00000,0x0000000775b00000)
  from space 25088K, 41% used [0x0000000777380000,0x0000000777dc2ba8,0x0000000778c00000)
  to   space 25088K, 0% used [0x0000000775b00000,0x0000000775b00000,0x0000000777380000)
 ParOldGen       total 1397760K, used 1372110K [0x00000006c1c00000, 0x0000000717100000, 0x000000076b400000)
  object space 1397760K, 98% used [0x00000006c1c00000,0x00000007157f3a70,0x0000000717100000)
 Metaspace       used 330115K, capacity 347156K, committed 347432K, reserved 1361920K
  class space    used 31225K, capacity 35014K, committed 35112K, reserved 1048576K
Event: 22589.885 GC heap after
Heap after GC invocations=650 (full 115):
 PSYoungGen      total 196096K, used 11105K [0x000000076b400000, 0x0000000778d00000, 0x00000007c0000000)
  eden space 171008K, 0% used [0x000000076b400000,0x000000076b400000,0x0000000775b00000)
  from space 25088K, 44% used [0x0000000775b00000,0x00000007765d85f8,0x0000000777380000)
  to   space 25088K, 0% used [0x0000000777480000,0x0000000777480000,0x0000000778d00000)
 ParOldGen       total 1397760K, used 1372110K [0x00000006c1c00000, 0x0000000717100000, 0x000000076b400000)
  object space 1397760K, 98% used [0x00000006c1c00000,0x00000007157f3a70,0x0000000717100000)
 Metaspace       used 330115K, capacity 347156K, committed 347432K, reserved 1361920K
  class space    used 31225K, capacity 35014K, committed 35112K, reserved 1048576K
}
Event: 22591.499 GC heap before
{Heap before GC invocations=651 (full 115):
 PSYoungGen      total 196096K, used 182113K [0x000000076b400000, 0x0000000778d00000, 0x00000007c0000000)
  eden space 171008K, 100% used [0x000000076b400000,0x0000000775b00000,0x0000000775b00000)
  from space 25088K, 44% used [0x0000000775b00000,0x00000007765d85f8,0x0000000777380000)
  to   space 25088K, 0% used [0x0000000777480000,0x0000000777480000,0x0000000778d00000)
 ParOldGen       total 1397760K, used 1372110K [0x00000006c1c00000, 0x0000000717100000, 0x000000076b400000)
  object space 1397760K, 98% used [0x00000006c1c00000,0x00000007157f3a70,0x0000000717100000)
 Metaspace       used 331509K, capacity 348646K, committed 348840K, reserved 1363968K
  class space    used 31310K, capacity 35113K, committed 35240K, reserved 1048576K
Event: 22591.510 GC heap after
Heap after GC invocations=651 (full 115):
 PSYoungGen      total 197120K, used 16369K [0x000000076b400000, 0x0000000778c80000, 0x00000007c0000000)
  eden space 172544K, 0% used [0x000000076b400000,0x000000076b400000,0x0000000775c80000)
  from space 24576K, 66% used [0x0000000777480000,0x000000077847c7f8,0x0000000778c80000)
  to   space 24576K, 0% used [0x0000000775c80000,0x0000000775c80000,0x0000000777480000)
 ParOldGen       total 1397760K, used 1372110K [0x00000006c1c00000, 0x0000000717100000, 0x000000076b400000)
  object space 1397760K, 98% used [0x00000006c1c00000,0x00000007157f3a70,0x0000000717100000)
 Metaspace       used 331509K, capacity 348646K, committed 348840K, reserved 1363968K
  class space    used 31310K, capacity 35113K, committed 35240K, reserved 1048576K
}
Event: 22603.359 GC heap before
{Heap before GC invocations=652 (full 115):
 PSYoungGen      total 197120K, used 188913K [0x000000076b400000, 0x0000000778c80000, 0x00000007c0000000)
  eden space 172544K, 100% used [0x000000076b400000,0x0000000775c80000,0x0000000775c80000)
  from space 24576K, 66% used [0x0000000777480000,0x000000077847c7f8,0x0000000778c80000)
  to   space 24576K, 0% used [0x0000000775c80000,0x0000000775c80000,0x0000000777480000)
 ParOldGen       total 1397760K, used 1372110K [0x00000006c1c00000, 0x0000000717100000, 0x000000076b400000)
  object space 1397760K, 98% used [0x00000006c1c00000,0x00000007157f3a70,0x0000000717100000)
 Metaspace       used 331518K, capacity 348646K, committed 348840K, reserved 1363968K
  class space    used 31311K, capacity 35113K, committed 35240K, reserved 1048576K
Event: 22603.369 GC heap after
Heap after GC invocations=652 (full 115):
 PSYoungGen      total 197120K, used 16955K [0x000000076b400000, 0x0000000778c80000, 0x00000007c0000000)
  eden space 172544K, 0% used [0x000000076b400000,0x000000076b400000,0x0000000775c80000)
  from space 24576K, 68% used [0x0000000775c80000,0x0000000776d0eeb0,0x0000000777480000)
  to   space 24064K, 0% used [0x0000000777500000,0x0000000777500000,0x0000000778c80000)
 ParOldGen       total 1397760K, used 1372110K [0x00000006c1c00000, 0x0000000717100000, 0x000000076b400000)
  object space 1397760K, 98% used [0x00000006c1c00000,0x00000007157f3a70,0x0000000717100000)
 Metaspace       used 331518K, capacity 348646K, committed 348840K, reserved 1363968K
  class space    used 31311K, capacity 35113K, committed 35240K, reserved 1048576K
}

